<?xml version="1.0" encoding="UTF-8"?>
<testng-results total="3" passed="3" failed="0" skipped="0">
  <reporter-output>
  </reporter-output>
  <suite started-at="2025-05-22T04:40:14Z" name="Multi-Browser Suite" finished-at="2025-05-22T04:40:25Z" duration-ms="11706">
    <groups>
    </groups>
    <test started-at="2025-05-22T04:40:14Z" name="Chrome Tests" finished-at="2025-05-22T04:40:21Z" duration-ms="6924">
      <class name="demo.QtripTests">
        <test-method is-config="true" signature="init(java.lang.String)[pri:0, instance:demo.QtripTests@147a5d08]" started-at="2025-05-22T10:10:14Z" name="init" finished-at="2025-05-22T10:10:18Z" duration-ms="3939" status="PASS">
          <params>
            <param index="0">
              <value>
                <![CDATA[chrome]]>
              </value>
            </param>
          </params>
          <reporter-output>
          </reporter-output>
        </test-method> <!-- init -->
        <test-method signature="qtrip_tc_001()[pri:0, instance:demo.QtripTests@147a5d08]" started-at="2025-05-22T10:10:18Z" name="qtrip_tc_001" description="Verify if the homepage url is valid" finished-at="2025-05-22T10:10:19Z" duration-ms="1792" status="PASS">
          <reporter-output>
          </reporter-output>
        </test-method> <!-- qtrip_tc_001 -->
        <test-method is-config="true" signature="tearDown()[pri:0, instance:demo.QtripTests@147a5d08]" started-at="2025-05-22T10:10:19Z" name="tearDown" finished-at="2025-05-22T10:10:21Z" duration-ms="1155" status="PASS">
          <reporter-output>
          </reporter-output>
        </test-method> <!-- tearDown -->
      </class> <!-- demo.QtripTests -->
    </test> <!-- Chrome Tests -->
    <test started-at="2025-05-22T04:40:14Z" name="Edge Tests" finished-at="2025-05-22T04:40:21Z" duration-ms="7815">
      <class name="demo.QtripTests">
        <test-method is-config="true" signature="init(java.lang.String)[pri:0, instance:demo.QtripTests@48793bef]" started-at="2025-05-22T10:10:14Z" name="init" finished-at="2025-05-22T10:10:18Z" duration-ms="3939" status="PASS">
          <params>
            <param index="0">
              <value>
                <![CDATA[edge]]>
              </value>
            </param>
          </params>
          <reporter-output>
          </reporter-output>
        </test-method> <!-- init -->
        <test-method signature="qtrip_tc_001()[pri:0, instance:demo.QtripTests@48793bef]" started-at="2025-05-22T10:10:18Z" name="qtrip_tc_001" description="Verify if the homepage url is valid" finished-at="2025-05-22T10:10:19Z" duration-ms="1487" status="PASS">
          <reporter-output>
          </reporter-output>
        </test-method> <!-- qtrip_tc_001 -->
        <test-method is-config="true" signature="tearDown()[pri:0, instance:demo.QtripTests@48793bef]" started-at="2025-05-22T10:10:19Z" name="tearDown" finished-at="2025-05-22T10:10:21Z" duration-ms="2371" status="PASS">
          <reporter-output>
          </reporter-output>
        </test-method> <!-- tearDown -->
      </class> <!-- demo.QtripTests -->
    </test> <!-- Edge Tests -->
    <test started-at="2025-05-22T04:40:14Z" name="Firefox Tests" finished-at="2025-05-22T04:40:25Z" duration-ms="11706">
      <class name="demo.QtripTests">
        <test-method is-config="true" signature="init(java.lang.String)[pri:0, instance:demo.QtripTests@5965be2d]" started-at="2025-05-22T10:10:14Z" name="init" finished-at="2025-05-22T10:10:23Z" duration-ms="9083" status="PASS">
          <params>
            <param index="0">
              <value>
                <![CDATA[firefox]]>
              </value>
            </param>
          </params>
          <reporter-output>
          </reporter-output>
        </test-method> <!-- init -->
        <test-method signature="qtrip_tc_001()[pri:0, instance:demo.QtripTests@5965be2d]" started-at="2025-05-22T10:10:23Z" name="qtrip_tc_001" description="Verify if the homepage url is valid" finished-at="2025-05-22T10:10:24Z" duration-ms="1569" status="PASS">
          <reporter-output>
          </reporter-output>
        </test-method> <!-- qtrip_tc_001 -->
        <test-method is-config="true" signature="tearDown()[pri:0, instance:demo.QtripTests@5965be2d]" started-at="2025-05-22T10:10:24Z" name="tearDown" finished-at="2025-05-22T10:10:25Z" duration-ms="1037" status="PASS">
          <reporter-output>
          </reporter-output>
        </test-method> <!-- tearDown -->
      </class> <!-- demo.QtripTests -->
    </test> <!-- Firefox Tests -->
  </suite> <!-- Multi-Browser Suite -->
</testng-results>
